{"/Users/rickyariansyah/Documents/learn/Innovation/finance-utils/src/installment/index.ts": {"path":"/Users/rickyariansyah/Documents/learn/Innovation/finance-utils/src/installment/index.ts","statementMap":{"0":{"start":{"line":1,"column":0},"end":{"line":1,"column":null}}},"fnMap":{},"branchMap":{},"s":{"0":1},"f":{},"b":{},"meta":{"lastBranch":0,"lastFunction":0,"lastStatement":1,"seen":{"s:1:0:1:Infinity":0}}}
,"/Users/rickyariansyah/Documents/learn/Innovation/finance-utils/src/installment/splitinstallment.ts": {"path":"/Users/rickyariansyah/Documents/learn/Innovation/finance-utils/src/installment/splitinstallment.ts","statementMap":{"0":{"start":{"line":2,"column":15},"end":{"line":2,"column":null}},"1":{"start":{"line":3,"column":20},"end":{"line":3,"column":null}},"2":{"start":{"line":5,"column":2},"end":{"line":7,"column":null}},"3":{"start":{"line":6,"column":4},"end":{"line":6,"column":null}}},"fnMap":{"0":{"name":"splitInstallment","decl":{"start":{"line":1,"column":16},"end":{"line":1,"column":33}},"loc":{"start":{"line":1,"column":75},"end":{"line":8,"column":null}},"line":1},"1":{"name":"(anonymous_1)","decl":{"start":{"line":5,"column":40},"end":{"line":5,"column":41}},"loc":{"start":{"line":6,"column":4},"end":{"line":6,"column":null}},"line":6}},"branchMap":{"0":{"loc":{"start":{"line":6,"column":4},"end":{"line":6,"column":null}},"type":"cond-expr","locations":[{"start":{"line":6,"column":23},"end":{"line":6,"column":42}},{"start":{"line":6,"column":42},"end":{"line":6,"column":null}}],"line":6}},"s":{"0":3,"1":3,"2":3,"3":7},"f":{"0":3,"1":7},"b":{"0":[3,4]},"meta":{"lastBranch":1,"lastFunction":2,"lastStatement":4,"seen":{"f:1:16:1:33":0,"s:2:15:2:Infinity":0,"s:3:20:3:Infinity":1,"s:5:2:7:Infinity":2,"f:5:40:5:41":1,"s:6:4:6:Infinity":3,"b:6:23:6:42:6:42:6:Infinity":0}}}
,"/Users/rickyariansyah/Documents/learn/Innovation/finance-utils/src/masking/index.ts": {"path":"/Users/rickyariansyah/Documents/learn/Innovation/finance-utils/src/masking/index.ts","statementMap":{"0":{"start":{"line":1,"column":0},"end":{"line":1,"column":null}},"1":{"start":{"line":2,"column":0},"end":{"line":2,"column":null}}},"fnMap":{},"branchMap":{},"s":{"0":1,"1":1},"f":{},"b":{},"meta":{"lastBranch":0,"lastFunction":0,"lastStatement":2,"seen":{"s:1:0:1:Infinity":0,"s:2:0:2:Infinity":1}}}
,"/Users/rickyariansyah/Documents/learn/Innovation/finance-utils/src/masking/maskName.ts": {"path":"/Users/rickyariansyah/Documents/learn/Innovation/finance-utils/src/masking/maskName.ts","statementMap":{"0":{"start":{"line":2,"column":2},"end":{"line":5,"column":null}},"1":{"start":{"line":4,"column":19},"end":{"line":4,"column":56}}},"fnMap":{"0":{"name":"maskName","decl":{"start":{"line":1,"column":16},"end":{"line":1,"column":25}},"loc":{"start":{"line":1,"column":47},"end":{"line":6,"column":null}},"line":1},"1":{"name":"(anonymous_1)","decl":{"start":{"line":4,"column":9},"end":{"line":4,"column":10}},"loc":{"start":{"line":4,"column":19},"end":{"line":4,"column":56}},"line":4}},"branchMap":{},"s":{"0":1,"1":2},"f":{"0":1,"1":2},"b":{},"meta":{"lastBranch":0,"lastFunction":2,"lastStatement":2,"seen":{"f:1:16:1:25":0,"s:2:2:5:Infinity":0,"f:4:9:4:10":1,"s:4:19:4:56":1}}}
,"/Users/rickyariansyah/Documents/learn/Innovation/finance-utils/src/masking/maskingAccount.ts": {"path":"/Users/rickyariansyah/Documents/learn/Innovation/finance-utils/src/masking/maskingAccount.ts","statementMap":{"0":{"start":{"line":2,"column":2},"end":{"line":2,"column":null}},"1":{"start":{"line":2,"column":27},"end":{"line":2,"column":null}},"2":{"start":{"line":3,"column":18},"end":{"line":3,"column":null}},"3":{"start":{"line":4,"column":2},"end":{"line":4,"column":null}}},"fnMap":{"0":{"name":"maskAccount","decl":{"start":{"line":1,"column":16},"end":{"line":1,"column":28}},"loc":{"start":{"line":1,"column":53},"end":{"line":5,"column":null}},"line":1}},"branchMap":{"0":{"loc":{"start":{"line":2,"column":2},"end":{"line":2,"column":null}},"type":"if","locations":[{"start":{"line":2,"column":2},"end":{"line":2,"column":null}},{"start":{},"end":{}}],"line":2}},"s":{"0":2,"1":1,"2":1,"3":1},"f":{"0":2},"b":{"0":[1,1]},"meta":{"lastBranch":1,"lastFunction":1,"lastStatement":4,"seen":{"f:1:16:1:28":0,"b:2:2:2:Infinity:undefined:undefined:undefined:undefined":0,"s:2:2:2:Infinity":0,"s:2:27:2:Infinity":1,"s:3:18:3:Infinity":2,"s:4:2:4:Infinity":3}}}
}
